{"/Users/aryanbhatt/Desktop/practice/projects/mern_app/backend/src/agent/agent.controller.js": {"path":"/Users/aryanbhatt/Desktop/practice/projects/mern_app/backend/src/agent/agent.controller.js","statementMap":{"0":{"start":{"line":3,"column":21},"end":{"line":3,"column":47}},"1":{"start":{"line":7,"column":4},"end":{"line":20,"column":5}},"2":{"start":{"line":8,"column":20},"end":{"line":8,"column":60}},"3":{"start":{"line":10,"column":6},"end":{"line":14,"column":9}},"4":{"start":{"line":16,"column":6},"end":{"line":19,"column":9}},"5":{"start":{"line":24,"column":4},"end":{"line":36,"column":5}},"6":{"start":{"line":25,"column":21},"end":{"line":25,"column":54}},"7":{"start":{"line":27,"column":6},"end":{"line":30,"column":9}},"8":{"start":{"line":32,"column":6},"end":{"line":35,"column":9}},"9":{"start":{"line":40,"column":4},"end":{"line":52,"column":5}},"10":{"start":{"line":41,"column":20},"end":{"line":41,"column":66}},"11":{"start":{"line":43,"column":6},"end":{"line":46,"column":9}},"12":{"start":{"line":48,"column":6},"end":{"line":51,"column":9}},"13":{"start":{"line":56,"column":0},"end":{"line":56,"column":39}}},"fnMap":{"0":{"name":"(anonymous_0)","decl":{"start":{"line":6,"column":2},"end":{"line":6,"column":3}},"loc":{"start":{"line":6,"column":30},"end":{"line":21,"column":3}},"line":6},"1":{"name":"(anonymous_1)","decl":{"start":{"line":23,"column":2},"end":{"line":23,"column":3}},"loc":{"start":{"line":23,"column":31},"end":{"line":37,"column":3}},"line":23},"2":{"name":"(anonymous_2)","decl":{"start":{"line":39,"column":2},"end":{"line":39,"column":3}},"loc":{"start":{"line":39,"column":31},"end":{"line":53,"column":3}},"line":39}},"branchMap":{},"s":{"0":7,"1":1,"2":1,"3":1,"4":0,"5":1,"6":1,"7":1,"8":0,"9":2,"10":2,"11":1,"12":1,"13":7},"f":{"0":1,"1":1,"2":2},"b":{},"_coverageSchema":"1a1c01bbd47fc00a2c39e90264f33305004495a9","hash":"151d648c0e2016948f12f2d11873f0a8238dd757"}
,"/Users/aryanbhatt/Desktop/practice/projects/mern_app/backend/src/agent/agent.route.js": {"path":"/Users/aryanbhatt/Desktop/practice/projects/mern_app/backend/src/agent/agent.route.js","statementMap":{"0":{"start":{"line":3,"column":16},"end":{"line":3,"column":34}},"1":{"start":{"line":4,"column":24},"end":{"line":4,"column":53}},"2":{"start":{"line":5,"column":44},"end":{"line":5,"column":74}},"3":{"start":{"line":6,"column":35},"end":{"line":6,"column":69}},"4":{"start":{"line":8,"column":15},"end":{"line":8,"column":31}},"5":{"start":{"line":10,"column":0},"end":{"line":10,"column":112}},"6":{"start":{"line":11,"column":0},"end":{"line":11,"column":79}},"7":{"start":{"line":12,"column":0},"end":{"line":12,"column":82}},"8":{"start":{"line":14,"column":0},"end":{"line":14,"column":24}}},"fnMap":{},"branchMap":{},"s":{"0":7,"1":7,"2":7,"3":7,"4":7,"5":7,"6":7,"7":7,"8":7},"f":{},"b":{},"_coverageSchema":"1a1c01bbd47fc00a2c39e90264f33305004495a9","hash":"15d96c4bf437392e1de43b3390de8e49c5a7e17c"}
,"/Users/aryanbhatt/Desktop/practice/projects/mern_app/backend/src/agent/agent.service.js": {"path":"/Users/aryanbhatt/Desktop/practice/projects/mern_app/backend/src/agent/agent.service.js","statementMap":{"0":{"start":{"line":3,"column":25},"end":{"line":3,"column":58}},"1":{"start":{"line":4,"column":25},"end":{"line":4,"column":59}},"2":{"start":{"line":6,"column":15},"end":{"line":6,"column":33}},"3":{"start":{"line":10,"column":45},"end":{"line":10,"column":54}},"4":{"start":{"line":13,"column":26},"end":{"line":15,"column":6}},"5":{"start":{"line":17,"column":4},"end":{"line":19,"column":5}},"6":{"start":{"line":18,"column":6},"end":{"line":18,"column":62}},"7":{"start":{"line":21,"column":27},"end":{"line":21,"column":55}},"8":{"start":{"line":23,"column":18},"end":{"line":37,"column":6}},"9":{"start":{"line":39,"column":4},"end":{"line":39,"column":17}},"10":{"start":{"line":43,"column":4},"end":{"line":55,"column":7}},"11":{"start":{"line":59,"column":18},"end":{"line":73,"column":6}},"12":{"start":{"line":75,"column":4},"end":{"line":77,"column":5}},"13":{"start":{"line":76,"column":6},"end":{"line":76,"column":41}},"14":{"start":{"line":79,"column":4},"end":{"line":79,"column":17}},"15":{"start":{"line":83,"column":0},"end":{"line":83,"column":36}}},"fnMap":{"0":{"name":"(anonymous_0)","decl":{"start":{"line":9,"column":2},"end":{"line":9,"column":3}},"loc":{"start":{"line":9,"column":31},"end":{"line":40,"column":3}},"line":9},"1":{"name":"(anonymous_1)","decl":{"start":{"line":42,"column":2},"end":{"line":42,"column":3}},"loc":{"start":{"line":42,"column":23},"end":{"line":56,"column":3}},"line":42},"2":{"name":"(anonymous_2)","decl":{"start":{"line":58,"column":2},"end":{"line":58,"column":3}},"loc":{"start":{"line":58,"column":25},"end":{"line":80,"column":3}},"line":58}},"branchMap":{"0":{"loc":{"start":{"line":17,"column":4},"end":{"line":19,"column":5}},"type":"if","locations":[{"start":{"line":17,"column":4},"end":{"line":19,"column":5}},{"start":{},"end":{}}],"line":17},"1":{"loc":{"start":{"line":75,"column":4},"end":{"line":77,"column":5}},"type":"if","locations":[{"start":{"line":75,"column":4},"end":{"line":77,"column":5}},{"start":{},"end":{}}],"line":75}},"s":{"0":7,"1":7,"2":7,"3":1,"4":1,"5":1,"6":0,"7":1,"8":1,"9":1,"10":1,"11":2,"12":2,"13":1,"14":1,"15":7},"f":{"0":1,"1":1,"2":2},"b":{"0":[0,1],"1":[1,1]},"_coverageSchema":"1a1c01bbd47fc00a2c39e90264f33305004495a9","hash":"21253c83941e3029d03fe520bbaa0afbf0657946"}
,"/Users/aryanbhatt/Desktop/practice/projects/mern_app/backend/src/assignment/assignment.controller.js": {"path":"/Users/aryanbhatt/Desktop/practice/projects/mern_app/backend/src/assignment/assignment.controller.js","statementMap":{"0":{"start":{"line":3,"column":26},"end":{"line":3,"column":57}},"1":{"start":{"line":7,"column":4},"end":{"line":19,"column":5}},"2":{"start":{"line":8,"column":26},"end":{"line":8,"column":69}},"3":{"start":{"line":10,"column":6},"end":{"line":13,"column":9}},"4":{"start":{"line":15,"column":6},"end":{"line":18,"column":9}},"5":{"start":{"line":23,"column":4},"end":{"line":35,"column":5}},"6":{"start":{"line":24,"column":26},"end":{"line":24,"column":91}},"7":{"start":{"line":26,"column":6},"end":{"line":29,"column":9}},"8":{"start":{"line":31,"column":6},"end":{"line":34,"column":9}},"9":{"start":{"line":39,"column":4},"end":{"line":51,"column":5}},"10":{"start":{"line":40,"column":20},"end":{"line":40,"column":64}},"11":{"start":{"line":42,"column":6},"end":{"line":45,"column":9}},"12":{"start":{"line":47,"column":6},"end":{"line":50,"column":9}},"13":{"start":{"line":55,"column":0},"end":{"line":55,"column":44}}},"fnMap":{"0":{"name":"(anonymous_0)","decl":{"start":{"line":6,"column":2},"end":{"line":6,"column":3}},"loc":{"start":{"line":6,"column":36},"end":{"line":20,"column":3}},"line":6},"1":{"name":"(anonymous_1)","decl":{"start":{"line":22,"column":2},"end":{"line":22,"column":3}},"loc":{"start":{"line":22,"column":40},"end":{"line":36,"column":3}},"line":22},"2":{"name":"(anonymous_2)","decl":{"start":{"line":38,"column":2},"end":{"line":38,"column":3}},"loc":{"start":{"line":38,"column":37},"end":{"line":52,"column":3}},"line":38}},"branchMap":{},"s":{"0":7,"1":1,"2":1,"3":1,"4":0,"5":2,"6":2,"7":2,"8":0,"9":1,"10":1,"11":1,"12":0,"13":7},"f":{"0":1,"1":2,"2":1},"b":{},"_coverageSchema":"1a1c01bbd47fc00a2c39e90264f33305004495a9","hash":"9a3711c67ab17e874078efcce0857f89ba2b0329"}
,"/Users/aryanbhatt/Desktop/practice/projects/mern_app/backend/src/assignment/assignment.route.js": {"path":"/Users/aryanbhatt/Desktop/practice/projects/mern_app/backend/src/assignment/assignment.route.js","statementMap":{"0":{"start":{"line":3,"column":16},"end":{"line":3,"column":34}},"1":{"start":{"line":4,"column":29},"end":{"line":4,"column":63}},"2":{"start":{"line":5,"column":35},"end":{"line":5,"column":69}},"3":{"start":{"line":7,"column":15},"end":{"line":7,"column":31}},"4":{"start":{"line":9,"column":0},"end":{"line":9,"column":89}},"5":{"start":{"line":10,"column":0},"end":{"line":10,"column":107}},"6":{"start":{"line":11,"column":0},"end":{"line":11,"column":95}},"7":{"start":{"line":13,"column":0},"end":{"line":13,"column":24}}},"fnMap":{},"branchMap":{},"s":{"0":7,"1":7,"2":7,"3":7,"4":7,"5":7,"6":7,"7":7},"f":{},"b":{},"_coverageSchema":"1a1c01bbd47fc00a2c39e90264f33305004495a9","hash":"41f1056efaa17a17291e08270b34542e5e7f325c"}
,"/Users/aryanbhatt/Desktop/practice/projects/mern_app/backend/src/assignment/assignment.service.js": {"path":"/Users/aryanbhatt/Desktop/practice/projects/mern_app/backend/src/assignment/assignment.service.js","statementMap":{"0":{"start":{"line":3,"column":25},"end":{"line":3,"column":58}},"1":{"start":{"line":5,"column":15},"end":{"line":5,"column":33}},"2":{"start":{"line":9,"column":4},"end":{"line":17,"column":7}},"3":{"start":{"line":21,"column":4},"end":{"line":27,"column":7}},"4":{"start":{"line":31,"column":29},"end":{"line":31,"column":60}},"5":{"start":{"line":32,"column":23},"end":{"line":32,"column":48}},"6":{"start":{"line":33,"column":24},"end":{"line":33,"column":50}},"7":{"start":{"line":35,"column":23},"end":{"line":44,"column":6}},"8":{"start":{"line":46,"column":4},"end":{"line":51,"column":6}},"9":{"start":{"line":55,"column":0},"end":{"line":55,"column":41}}},"fnMap":{"0":{"name":"(anonymous_0)","decl":{"start":{"line":8,"column":2},"end":{"line":8,"column":3}},"loc":{"start":{"line":8,"column":28},"end":{"line":18,"column":3}},"line":8},"1":{"name":"(anonymous_1)","decl":{"start":{"line":20,"column":2},"end":{"line":20,"column":3}},"loc":{"start":{"line":20,"column":39},"end":{"line":28,"column":3}},"line":20},"2":{"name":"(anonymous_2)","decl":{"start":{"line":30,"column":2},"end":{"line":30,"column":3}},"loc":{"start":{"line":30,"column":29},"end":{"line":52,"column":3}},"line":30}},"branchMap":{},"s":{"0":7,"1":7,"2":1,"3":2,"4":1,"5":1,"6":1,"7":1,"8":1,"9":7},"f":{"0":1,"1":2,"2":1},"b":{},"_coverageSchema":"1a1c01bbd47fc00a2c39e90264f33305004495a9","hash":"75842ee3acb5b61dae834cc4199a45dcb1389758"}
,"/Users/aryanbhatt/Desktop/practice/projects/mern_app/backend/src/lead/lead.controller.js": {"path":"/Users/aryanbhatt/Desktop/practice/projects/mern_app/backend/src/lead/lead.controller.js","statementMap":{"0":{"start":{"line":3,"column":20},"end":{"line":3,"column":45}},"1":{"start":{"line":7,"column":4},"end":{"line":27,"column":5}},"2":{"start":{"line":8,"column":6},"end":{"line":13,"column":7}},"3":{"start":{"line":9,"column":8},"end":{"line":12,"column":11}},"4":{"start":{"line":15,"column":21},"end":{"line":15,"column":78}},"5":{"start":{"line":17,"column":6},"end":{"line":21,"column":9}},"6":{"start":{"line":23,"column":6},"end":{"line":26,"column":9}},"7":{"start":{"line":31,"column":4},"end":{"line":43,"column":5}},"8":{"start":{"line":32,"column":27},"end":{"line":32,"column":66}},"9":{"start":{"line":34,"column":6},"end":{"line":37,"column":9}},"10":{"start":{"line":39,"column":6},"end":{"line":42,"column":9}},"11":{"start":{"line":47,"column":4},"end":{"line":59,"column":5}},"12":{"start":{"line":48,"column":20},"end":{"line":48,"column":71}},"13":{"start":{"line":50,"column":6},"end":{"line":53,"column":9}},"14":{"start":{"line":55,"column":6},"end":{"line":58,"column":9}},"15":{"start":{"line":63,"column":0},"end":{"line":63,"column":38}}},"fnMap":{"0":{"name":"(anonymous_0)","decl":{"start":{"line":6,"column":2},"end":{"line":6,"column":3}},"loc":{"start":{"line":6,"column":30},"end":{"line":28,"column":3}},"line":6},"1":{"name":"(anonymous_1)","decl":{"start":{"line":30,"column":2},"end":{"line":30,"column":3}},"loc":{"start":{"line":30,"column":38},"end":{"line":44,"column":3}},"line":30},"2":{"name":"(anonymous_2)","decl":{"start":{"line":46,"column":2},"end":{"line":46,"column":3}},"loc":{"start":{"line":46,"column":32},"end":{"line":60,"column":3}},"line":46}},"branchMap":{"0":{"loc":{"start":{"line":8,"column":6},"end":{"line":13,"column":7}},"type":"if","locations":[{"start":{"line":8,"column":6},"end":{"line":13,"column":7}},{"start":{},"end":{}}],"line":8}},"s":{"0":7,"1":5,"2":5,"3":0,"4":5,"5":2,"6":3,"7":1,"8":1,"9":1,"10":0,"11":1,"12":1,"13":1,"14":0,"15":7},"f":{"0":5,"1":1,"2":1},"b":{"0":[0,5]},"_coverageSchema":"1a1c01bbd47fc00a2c39e90264f33305004495a9","hash":"de157f0a8b1a84d82411578c1250a4ecc4c02d57"}
,"/Users/aryanbhatt/Desktop/practice/projects/mern_app/backend/src/lead/lead.route.js": {"path":"/Users/aryanbhatt/Desktop/practice/projects/mern_app/backend/src/lead/lead.route.js","statementMap":{"0":{"start":{"line":3,"column":16},"end":{"line":3,"column":34}},"1":{"start":{"line":4,"column":23},"end":{"line":4,"column":51}},"2":{"start":{"line":5,"column":19},"end":{"line":5,"column":45}},"3":{"start":{"line":6,"column":43},"end":{"line":6,"column":73}},"4":{"start":{"line":7,"column":35},"end":{"line":7,"column":69}},"5":{"start":{"line":9,"column":15},"end":{"line":9,"column":31}},"6":{"start":{"line":11,"column":0},"end":{"line":17,"column":2}},"7":{"start":{"line":19,"column":0},"end":{"line":23,"column":2}},"8":{"start":{"line":25,"column":0},"end":{"line":29,"column":2}},"9":{"start":{"line":31,"column":0},"end":{"line":31,"column":24}}},"fnMap":{},"branchMap":{},"s":{"0":7,"1":7,"2":7,"3":7,"4":7,"5":7,"6":7,"7":7,"8":7,"9":7},"f":{},"b":{},"_coverageSchema":"1a1c01bbd47fc00a2c39e90264f33305004495a9","hash":"c625983669948c66917d73986ee9aa55005a2372"}
,"/Users/aryanbhatt/Desktop/practice/projects/mern_app/backend/src/lead/lead.service.js": {"path":"/Users/aryanbhatt/Desktop/practice/projects/mern_app/backend/src/lead/lead.service.js","statementMap":{"0":{"start":{"line":3,"column":25},"end":{"line":3,"column":58}},"1":{"start":{"line":4,"column":18},"end":{"line":4,"column":47}},"2":{"start":{"line":5,"column":11},"end":{"line":5,"column":24}},"3":{"start":{"line":7,"column":15},"end":{"line":7,"column":33}},"4":{"start":{"line":11,"column":4},"end":{"line":89,"column":5}},"5":{"start":{"line":13,"column":20},"end":{"line":13,"column":55}},"6":{"start":{"line":16,"column":21},"end":{"line":18,"column":8}},"7":{"start":{"line":20,"column":6},"end":{"line":22,"column":7}},"8":{"start":{"line":21,"column":8},"end":{"line":21,"column":72}},"9":{"start":{"line":25,"column":31},"end":{"line":25,"column":78}},"10":{"start":{"line":28,"column":21},"end":{"line":66,"column":8}},"11":{"start":{"line":29,"column":27},"end":{"line":29,"column":29}},"12":{"start":{"line":30,"column":28},"end":{"line":30,"column":30}},"13":{"start":{"line":32,"column":8},"end":{"line":63,"column":9}},"14":{"start":{"line":32,"column":30},"end":{"line":32,"column":31}},"15":{"start":{"line":33,"column":29},"end":{"line":33,"column":57}},"16":{"start":{"line":34,"column":24},"end":{"line":34,"column":42}},"17":{"start":{"line":36,"column":10},"end":{"line":62,"column":11}},"18":{"start":{"line":38,"column":25},"end":{"line":44,"column":14}},"19":{"start":{"line":47,"column":31},"end":{"line":58,"column":14}},"20":{"start":{"line":60,"column":12},"end":{"line":60,"column":34}},"21":{"start":{"line":61,"column":12},"end":{"line":61,"column":41}},"22":{"start":{"line":65,"column":8},"end":{"line":65,"column":43}},"23":{"start":{"line":69,"column":6},"end":{"line":71,"column":7}},"24":{"start":{"line":70,"column":8},"end":{"line":70,"column":32}},"25":{"start":{"line":73,"column":6},"end":{"line":81,"column":8}},"26":{"start":{"line":77,"column":52},"end":{"line":80,"column":9}},"27":{"start":{"line":85,"column":6},"end":{"line":87,"column":7}},"28":{"start":{"line":86,"column":8},"end":{"line":86,"column":32}},"29":{"start":{"line":88,"column":6},"end":{"line":88,"column":18}},"30":{"start":{"line":93,"column":24},"end":{"line":101,"column":6}},"31":{"start":{"line":104,"column":25},"end":{"line":104,"column":27}},"32":{"start":{"line":105,"column":4},"end":{"line":114,"column":7}},"33":{"start":{"line":106,"column":22},"end":{"line":106,"column":41}},"34":{"start":{"line":107,"column":6},"end":{"line":112,"column":7}},"35":{"start":{"line":108,"column":8},"end":{"line":111,"column":10}},"36":{"start":{"line":113,"column":6},"end":{"line":113,"column":56}},"37":{"start":{"line":116,"column":4},"end":{"line":116,"column":39}},"38":{"start":{"line":120,"column":24},"end":{"line":126,"column":6}},"39":{"start":{"line":128,"column":4},"end":{"line":128,"column":58}},"40":{"start":{"line":128,"column":41},"end":{"line":128,"column":56}},"41":{"start":{"line":132,"column":0},"end":{"line":132,"column":35}}},"fnMap":{"0":{"name":"(anonymous_0)","decl":{"start":{"line":10,"column":2},"end":{"line":10,"column":3}},"loc":{"start":{"line":10,"column":43},"end":{"line":90,"column":3}},"line":10},"1":{"name":"(anonymous_1)","decl":{"start":{"line":28,"column":47},"end":{"line":28,"column":48}},"loc":{"start":{"line":28,"column":61},"end":{"line":66,"column":7}},"line":28},"2":{"name":"(anonymous_2)","decl":{"start":{"line":77,"column":33},"end":{"line":77,"column":34}},"loc":{"start":{"line":77,"column":52},"end":{"line":80,"column":9}},"line":77},"3":{"name":"(anonymous_3)","decl":{"start":{"line":92,"column":2},"end":{"line":92,"column":3}},"loc":{"start":{"line":92,"column":30},"end":{"line":117,"column":3}},"line":92},"4":{"name":"(anonymous_4)","decl":{"start":{"line":105,"column":24},"end":{"line":105,"column":25}},"loc":{"start":{"line":105,"column":38},"end":{"line":114,"column":5}},"line":105},"5":{"name":"(anonymous_5)","decl":{"start":{"line":119,"column":2},"end":{"line":119,"column":3}},"loc":{"start":{"line":119,"column":31},"end":{"line":129,"column":3}},"line":119},"6":{"name":"(anonymous_6)","decl":{"start":{"line":128,"column":27},"end":{"line":128,"column":28}},"loc":{"start":{"line":128,"column":41},"end":{"line":128,"column":56}},"line":128}},"branchMap":{"0":{"loc":{"start":{"line":20,"column":6},"end":{"line":22,"column":7}},"type":"if","locations":[{"start":{"line":20,"column":6},"end":{"line":22,"column":7}},{"start":{},"end":{}}],"line":20},"1":{"loc":{"start":{"line":69,"column":6},"end":{"line":71,"column":7}},"type":"if","locations":[{"start":{"line":69,"column":6},"end":{"line":71,"column":7}},{"start":{},"end":{}}],"line":69},"2":{"loc":{"start":{"line":85,"column":6},"end":{"line":87,"column":7}},"type":"if","locations":[{"start":{"line":85,"column":6},"end":{"line":87,"column":7}},{"start":{},"end":{}}],"line":85},"3":{"loc":{"start":{"line":107,"column":6},"end":{"line":112,"column":7}},"type":"if","locations":[{"start":{"line":107,"column":6},"end":{"line":112,"column":7}},{"start":{},"end":{}}],"line":107}},"s":{"0":8,"1":8,"2":8,"3":8,"4":11,"5":11,"6":7,"7":7,"8":2,"9":5,"10":5,"11":5,"12":5,"13":5,"14":5,"15":8,"16":8,"17":8,"18":16,"19":16,"20":16,"21":16,"22":5,"23":5,"24":5,"25":5,"26":8,"27":6,"28":6,"29":6,"30":4,"31":4,"32":4,"33":5,"34":5,"35":4,"36":5,"37":4,"38":5,"39":5,"40":5,"41":8},"f":{"0":11,"1":5,"2":8,"3":4,"4":5,"5":5,"6":5},"b":{"0":[2,5],"1":[5,0],"2":[6,0],"3":[4,1]},"_coverageSchema":"1a1c01bbd47fc00a2c39e90264f33305004495a9","hash":"9ff5362bc8ff6ab7c053c46625ded1cbb0c9b8b5"}
,"/Users/aryanbhatt/Desktop/practice/projects/mern_app/backend/src/login/login.controller.js": {"path":"/Users/aryanbhatt/Desktop/practice/projects/mern_app/backend/src/login/login.controller.js","statementMap":{"0":{"start":{"line":3,"column":21},"end":{"line":3,"column":47}},"1":{"start":{"line":7,"column":4},"end":{"line":21,"column":5}},"2":{"start":{"line":8,"column":34},"end":{"line":8,"column":42}},"3":{"start":{"line":9,"column":21},"end":{"line":9,"column":74}},"4":{"start":{"line":11,"column":6},"end":{"line":15,"column":9}},"5":{"start":{"line":17,"column":6},"end":{"line":20,"column":9}},"6":{"start":{"line":25,"column":0},"end":{"line":25,"column":39}}},"fnMap":{"0":{"name":"(anonymous_0)","decl":{"start":{"line":6,"column":2},"end":{"line":6,"column":3}},"loc":{"start":{"line":6,"column":24},"end":{"line":22,"column":3}},"line":6}},"branchMap":{},"s":{"0":7,"1":3,"2":3,"3":3,"4":1,"5":2,"6":7},"f":{"0":3},"b":{},"_coverageSchema":"1a1c01bbd47fc00a2c39e90264f33305004495a9","hash":"359faf5ee1fe6788d9f8f0433b8574d594c16cc0"}
,"/Users/aryanbhatt/Desktop/practice/projects/mern_app/backend/src/login/login.route.js": {"path":"/Users/aryanbhatt/Desktop/practice/projects/mern_app/backend/src/login/login.route.js","statementMap":{"0":{"start":{"line":3,"column":16},"end":{"line":3,"column":34}},"1":{"start":{"line":4,"column":24},"end":{"line":4,"column":53}},"2":{"start":{"line":5,"column":38},"end":{"line":5,"column":68}},"3":{"start":{"line":7,"column":15},"end":{"line":7,"column":31}},"4":{"start":{"line":9,"column":0},"end":{"line":9,"column":72}},"5":{"start":{"line":11,"column":0},"end":{"line":11,"column":24}}},"fnMap":{},"branchMap":{},"s":{"0":7,"1":7,"2":7,"3":7,"4":7,"5":7},"f":{},"b":{},"_coverageSchema":"1a1c01bbd47fc00a2c39e90264f33305004495a9","hash":"04827a712dd2fd8c4b3a17aa81d2837c4a197d0b"}
,"/Users/aryanbhatt/Desktop/practice/projects/mern_app/backend/src/login/login.service.js": {"path":"/Users/aryanbhatt/Desktop/practice/projects/mern_app/backend/src/login/login.service.js","statementMap":{"0":{"start":{"line":3,"column":25},"end":{"line":3,"column":58}},"1":{"start":{"line":4,"column":39},"end":{"line":4,"column":73}},"2":{"start":{"line":6,"column":15},"end":{"line":6,"column":33}},"3":{"start":{"line":10,"column":18},"end":{"line":13,"column":6}},"4":{"start":{"line":15,"column":4},"end":{"line":17,"column":5}},"5":{"start":{"line":16,"column":6},"end":{"line":16,"column":45}},"6":{"start":{"line":19,"column":28},"end":{"line":19,"column":75}},"7":{"start":{"line":20,"column":4},"end":{"line":22,"column":5}},"8":{"start":{"line":21,"column":6},"end":{"line":21,"column":45}},"9":{"start":{"line":24,"column":18},"end":{"line":28,"column":6}},"10":{"start":{"line":30,"column":4},"end":{"line":38,"column":6}},"11":{"start":{"line":42,"column":0},"end":{"line":42,"column":36}}},"fnMap":{"0":{"name":"(anonymous_0)","decl":{"start":{"line":9,"column":2},"end":{"line":9,"column":3}},"loc":{"start":{"line":9,"column":43},"end":{"line":39,"column":3}},"line":9}},"branchMap":{"0":{"loc":{"start":{"line":15,"column":4},"end":{"line":17,"column":5}},"type":"if","locations":[{"start":{"line":15,"column":4},"end":{"line":17,"column":5}},{"start":{},"end":{}}],"line":15},"1":{"loc":{"start":{"line":20,"column":4},"end":{"line":22,"column":5}},"type":"if","locations":[{"start":{"line":20,"column":4},"end":{"line":22,"column":5}},{"start":{},"end":{}}],"line":20}},"s":{"0":7,"1":7,"2":7,"3":3,"4":3,"5":1,"6":2,"7":2,"8":1,"9":1,"10":1,"11":7},"f":{"0":3},"b":{"0":[1,2],"1":[1,1]},"_coverageSchema":"1a1c01bbd47fc00a2c39e90264f33305004495a9","hash":"003a5c50592b8b3d2e48084b11fb5f7755dc3809"}
,"/Users/aryanbhatt/Desktop/practice/projects/mern_app/backend/src/utils/authentication.js": {"path":"/Users/aryanbhatt/Desktop/practice/projects/mern_app/backend/src/utils/authentication.js","statementMap":{"0":{"start":{"line":3,"column":12},"end":{"line":3,"column":35}},"1":{"start":{"line":4,"column":15},"end":{"line":4,"column":32}},"2":{"start":{"line":7,"column":19},"end":{"line":7,"column":65}},"3":{"start":{"line":8,"column":23},"end":{"line":8,"column":57}},"4":{"start":{"line":12,"column":2},"end":{"line":12,"column":98}},"5":{"start":{"line":12,"column":43},"end":{"line":12,"column":98}},"6":{"start":{"line":13,"column":15},"end":{"line":13,"column":47}},"7":{"start":{"line":14,"column":2},"end":{"line":14,"column":34}},"8":{"start":{"line":18,"column":2},"end":{"line":18,"column":36}},"9":{"start":{"line":18,"column":23},"end":{"line":18,"column":36}},"10":{"start":{"line":19,"column":2},"end":{"line":19,"column":37}},"11":{"start":{"line":24,"column":2},"end":{"line":27,"column":3}},"12":{"start":{"line":28,"column":2},"end":{"line":28,"column":82}},"13":{"start":{"line":32,"column":2},"end":{"line":36,"column":3}},"14":{"start":{"line":33,"column":4},"end":{"line":33,"column":41}},"15":{"start":{"line":35,"column":4},"end":{"line":35,"column":16}},"16":{"start":{"line":41,"column":21},"end":{"line":41,"column":77}},"17":{"start":{"line":42,"column":2},"end":{"line":47,"column":3}},"18":{"start":{"line":43,"column":18},"end":{"line":43,"column":39}},"19":{"start":{"line":44,"column":4},"end":{"line":46,"column":5}},"20":{"start":{"line":45,"column":6},"end":{"line":45,"column":22}},"21":{"start":{"line":49,"column":2},"end":{"line":49,"column":65}},"22":{"start":{"line":49,"column":40},"end":{"line":49,"column":65}},"23":{"start":{"line":50,"column":2},"end":{"line":50,"column":14}},"24":{"start":{"line":55,"column":16},"end":{"line":55,"column":36}},"25":{"start":{"line":56,"column":2},"end":{"line":58,"column":3}},"26":{"start":{"line":57,"column":4},"end":{"line":57,"column":76}},"27":{"start":{"line":59,"column":18},"end":{"line":59,"column":36}},"28":{"start":{"line":60,"column":2},"end":{"line":62,"column":3}},"29":{"start":{"line":61,"column":4},"end":{"line":61,"column":87}},"30":{"start":{"line":63,"column":2},"end":{"line":63,"column":21}},"31":{"start":{"line":64,"column":2},"end":{"line":64,"column":16}},"32":{"start":{"line":69,"column":16},"end":{"line":69,"column":36}},"33":{"start":{"line":70,"column":2},"end":{"line":70,"column":28}},"34":{"start":{"line":70,"column":14},"end":{"line":70,"column":28}},"35":{"start":{"line":71,"column":18},"end":{"line":71,"column":36}},"36":{"start":{"line":72,"column":2},"end":{"line":72,"column":34}},"37":{"start":{"line":72,"column":15},"end":{"line":72,"column":34}},"38":{"start":{"line":73,"column":2},"end":{"line":73,"column":16}},"39":{"start":{"line":78,"column":2},"end":{"line":86,"column":4}},"40":{"start":{"line":79,"column":4},"end":{"line":81,"column":5}},"41":{"start":{"line":80,"column":6},"end":{"line":80,"column":79}},"42":{"start":{"line":82,"column":4},"end":{"line":84,"column":5}},"43":{"start":{"line":83,"column":6},"end":{"line":83,"column":79}},"44":{"start":{"line":85,"column":4},"end":{"line":85,"column":18}},"45":{"start":{"line":89,"column":0},"end":{"line":101,"column":2}}},"fnMap":{"0":{"name":"hashPassword","decl":{"start":{"line":11,"column":15},"end":{"line":11,"column":27}},"loc":{"start":{"line":11,"column":52},"end":{"line":15,"column":1}},"line":11},"1":{"name":"comparePassword","decl":{"start":{"line":17,"column":15},"end":{"line":17,"column":30}},"loc":{"start":{"line":17,"column":44},"end":{"line":20,"column":1}},"line":17},"2":{"name":"signToken","decl":{"start":{"line":23,"column":9},"end":{"line":23,"column":18}},"loc":{"start":{"line":23,"column":42},"end":{"line":29,"column":1}},"line":23},"3":{"name":"verifyToken","decl":{"start":{"line":31,"column":9},"end":{"line":31,"column":20}},"loc":{"start":{"line":31,"column":28},"end":{"line":37,"column":1}},"line":31},"4":{"name":"getTokenFromReq","decl":{"start":{"line":39,"column":9},"end":{"line":39,"column":24}},"loc":{"start":{"line":39,"column":30},"end":{"line":51,"column":1}},"line":39},"5":{"name":"authGuard","decl":{"start":{"line":54,"column":9},"end":{"line":54,"column":18}},"loc":{"start":{"line":54,"column":35},"end":{"line":65,"column":1}},"line":54},"6":{"name":"optionalAuth","decl":{"start":{"line":68,"column":9},"end":{"line":68,"column":21}},"loc":{"start":{"line":68,"column":38},"end":{"line":74,"column":1}},"line":68},"7":{"name":"requireRole","decl":{"start":{"line":77,"column":9},"end":{"line":77,"column":20}},"loc":{"start":{"line":77,"column":38},"end":{"line":87,"column":1}},"line":77},"8":{"name":"roleGuard","decl":{"start":{"line":78,"column":18},"end":{"line":78,"column":27}},"loc":{"start":{"line":78,"column":44},"end":{"line":86,"column":3}},"line":78}},"branchMap":{"0":{"loc":{"start":{"line":7,"column":19},"end":{"line":7,"column":65}},"type":"binary-expr","locations":[{"start":{"line":7,"column":19},"end":{"line":7,"column":41}},{"start":{"line":7,"column":45},"end":{"line":7,"column":65}}],"line":7},"1":{"loc":{"start":{"line":8,"column":23},"end":{"line":8,"column":57}},"type":"binary-expr","locations":[{"start":{"line":8,"column":23},"end":{"line":8,"column":49}},{"start":{"line":8,"column":53},"end":{"line":8,"column":57}}],"line":8},"2":{"loc":{"start":{"line":11,"column":35},"end":{"line":11,"column":50}},"type":"default-arg","locations":[{"start":{"line":11,"column":48},"end":{"line":11,"column":50}}],"line":11},"3":{"loc":{"start":{"line":12,"column":2},"end":{"line":12,"column":98}},"type":"if","locations":[{"start":{"line":12,"column":2},"end":{"line":12,"column":98}},{"start":{},"end":{}}],"line":12},"4":{"loc":{"start":{"line":12,"column":6},"end":{"line":12,"column":41}},"type":"binary-expr","locations":[{"start":{"line":12,"column":6},"end":{"line":12,"column":12}},{"start":{"line":12,"column":16},"end":{"line":12,"column":41}}],"line":12},"5":{"loc":{"start":{"line":18,"column":2},"end":{"line":18,"column":36}},"type":"if","locations":[{"start":{"line":18,"column":2},"end":{"line":18,"column":36}},{"start":{},"end":{}}],"line":18},"6":{"loc":{"start":{"line":18,"column":6},"end":{"line":18,"column":21}},"type":"binary-expr","locations":[{"start":{"line":18,"column":6},"end":{"line":18,"column":12}},{"start":{"line":18,"column":16},"end":{"line":18,"column":21}}],"line":18},"7":{"loc":{"start":{"line":23,"column":28},"end":{"line":23,"column":40}},"type":"default-arg","locations":[{"start":{"line":23,"column":38},"end":{"line":23,"column":40}}],"line":23},"8":{"loc":{"start":{"line":24,"column":2},"end":{"line":27,"column":3}},"type":"if","locations":[{"start":{"line":24,"column":2},"end":{"line":27,"column":3}},{"start":{},"end":{}}],"line":24},"9":{"loc":{"start":{"line":24,"column":6},"end":{"line":24,"column":56}},"type":"binary-expr","locations":[{"start":{"line":24,"column":6},"end":{"line":24,"column":17}},{"start":{"line":24,"column":21},"end":{"line":24,"column":56}}],"line":24},"10":{"loc":{"start":{"line":41,"column":21},"end":{"line":41,"column":77}},"type":"binary-expr","locations":[{"start":{"line":41,"column":21},"end":{"line":41,"column":47}},{"start":{"line":41,"column":51},"end":{"line":41,"column":77}}],"line":41},"11":{"loc":{"start":{"line":42,"column":2},"end":{"line":47,"column":3}},"type":"if","locations":[{"start":{"line":42,"column":2},"end":{"line":47,"column":3}},{"start":{},"end":{}}],"line":42},"12":{"loc":{"start":{"line":42,"column":6},"end":{"line":42,"column":50}},"type":"binary-expr","locations":[{"start":{"line":42,"column":6},"end":{"line":42,"column":16}},{"start":{"line":42,"column":20},"end":{"line":42,"column":50}}],"line":42},"13":{"loc":{"start":{"line":44,"column":4},"end":{"line":46,"column":5}},"type":"if","locations":[{"start":{"line":44,"column":4},"end":{"line":46,"column":5}},{"start":{},"end":{}}],"line":44},"14":{"loc":{"start":{"line":44,"column":8},"end":{"line":44,"column":56}},"type":"binary-expr","locations":[{"start":{"line":44,"column":8},"end":{"line":44,"column":26}},{"start":{"line":44,"column":30},"end":{"line":44,"column":56}}],"line":44},"15":{"loc":{"start":{"line":49,"column":2},"end":{"line":49,"column":65}},"type":"if","locations":[{"start":{"line":49,"column":2},"end":{"line":49,"column":65}},{"start":{},"end":{}}],"line":49},"16":{"loc":{"start":{"line":49,"column":6},"end":{"line":49,"column":38}},"type":"binary-expr","locations":[{"start":{"line":49,"column":6},"end":{"line":49,"column":17}},{"start":{"line":49,"column":21},"end":{"line":49,"column":38}}],"line":49},"17":{"loc":{"start":{"line":56,"column":2},"end":{"line":58,"column":3}},"type":"if","locations":[{"start":{"line":56,"column":2},"end":{"line":58,"column":3}},{"start":{},"end":{}}],"line":56},"18":{"loc":{"start":{"line":60,"column":2},"end":{"line":62,"column":3}},"type":"if","locations":[{"start":{"line":60,"column":2},"end":{"line":62,"column":3}},{"start":{},"end":{}}],"line":60},"19":{"loc":{"start":{"line":70,"column":2},"end":{"line":70,"column":28}},"type":"if","locations":[{"start":{"line":70,"column":2},"end":{"line":70,"column":28}},{"start":{},"end":{}}],"line":70},"20":{"loc":{"start":{"line":72,"column":2},"end":{"line":72,"column":34}},"type":"if","locations":[{"start":{"line":72,"column":2},"end":{"line":72,"column":34}},{"start":{},"end":{}}],"line":72},"21":{"loc":{"start":{"line":79,"column":4},"end":{"line":81,"column":5}},"type":"if","locations":[{"start":{"line":79,"column":4},"end":{"line":81,"column":5}},{"start":{},"end":{}}],"line":79},"22":{"loc":{"start":{"line":79,"column":8},"end":{"line":79,"column":35}},"type":"binary-expr","locations":[{"start":{"line":79,"column":8},"end":{"line":79,"column":17}},{"start":{"line":79,"column":21},"end":{"line":79,"column":35}}],"line":79},"23":{"loc":{"start":{"line":82,"column":4},"end":{"line":84,"column":5}},"type":"if","locations":[{"start":{"line":82,"column":4},"end":{"line":84,"column":5}},{"start":{},"end":{}}],"line":82}},"s":{"0":9,"1":9,"2":9,"3":9,"4":54,"5":0,"6":54,"7":54,"8":7,"9":0,"10":7,"11":34,"12":34,"13":24,"14":24,"15":3,"16":35,"17":35,"18":23,"19":23,"20":22,"21":13,"22":0,"23":13,"24":35,"25":35,"26":13,"27":22,"28":22,"29":3,"30":19,"31":19,"32":0,"33":0,"34":0,"35":0,"36":0,"37":0,"38":0,"39":63,"40":18,"41":0,"42":18,"43":0,"44":18,"45":9},"f":{"0":54,"1":7,"2":34,"3":24,"4":35,"5":35,"6":0,"7":63,"8":18},"b":{"0":[9,0],"1":[9,0],"2":[54],"3":[0,54],"4":[54,54],"5":[0,7],"6":[7,7],"7":[34],"8":[0,34],"9":[34,34],"10":[35,12],"11":[23,12],"12":[35,23],"13":[22,1],"14":[23,23],"15":[0,13],"16":[13,11],"17":[13,22],"18":[3,19],"19":[0,0],"20":[0,0],"21":[0,18],"22":[18,18],"23":[0,18]},"_coverageSchema":"1a1c01bbd47fc00a2c39e90264f33305004495a9","hash":"16711a052c2b5afa83e93d1c453a69b950aa7a0b"}
,"/Users/aryanbhatt/Desktop/practice/projects/mern_app/backend/src/utils/csvParser.js": {"path":"/Users/aryanbhatt/Desktop/practice/projects/mern_app/backend/src/utils/csvParser.js","statementMap":{"0":{"start":{"line":3,"column":11},"end":{"line":3,"column":24}},"1":{"start":{"line":4,"column":13},"end":{"line":4,"column":28}},"2":{"start":{"line":5,"column":12},"end":{"line":5,"column":31}},"3":{"start":{"line":6,"column":13},"end":{"line":6,"column":28}},"4":{"start":{"line":10,"column":16},"end":{"line":10,"column":52}},"5":{"start":{"line":12,"column":4},"end":{"line":18,"column":5}},"6":{"start":{"line":13,"column":6},"end":{"line":13,"column":37}},"7":{"start":{"line":14,"column":11},"end":{"line":18,"column":5}},"8":{"start":{"line":15,"column":6},"end":{"line":15,"column":39}},"9":{"start":{"line":17,"column":6},"end":{"line":17,"column":49}},"10":{"start":{"line":22,"column":4},"end":{"line":47,"column":7}},"11":{"start":{"line":23,"column":22},"end":{"line":23,"column":24}},"12":{"start":{"line":25,"column":6},"end":{"line":46,"column":11}},"13":{"start":{"line":29,"column":10},"end":{"line":35,"column":11}},"14":{"start":{"line":30,"column":12},"end":{"line":34,"column":15}},"15":{"start":{"line":38,"column":10},"end":{"line":42,"column":11}},"16":{"start":{"line":39,"column":12},"end":{"line":39,"column":65}},"17":{"start":{"line":41,"column":12},"end":{"line":41,"column":29}},"18":{"start":{"line":45,"column":10},"end":{"line":45,"column":67}},"19":{"start":{"line":51,"column":4},"end":{"line":72,"column":5}},"20":{"start":{"line":52,"column":23},"end":{"line":52,"column":46}},"21":{"start":{"line":53,"column":24},"end":{"line":53,"column":46}},"22":{"start":{"line":54,"column":24},"end":{"line":54,"column":50}},"23":{"start":{"line":55,"column":23},"end":{"line":55,"column":58}},"24":{"start":{"line":57,"column":22},"end":{"line":63,"column":11}},"25":{"start":{"line":58,"column":23},"end":{"line":58,"column":49}},"26":{"start":{"line":59,"column":21},"end":{"line":63,"column":9}},"27":{"start":{"line":65,"column":6},"end":{"line":67,"column":7}},"28":{"start":{"line":66,"column":8},"end":{"line":66,"column":61}},"29":{"start":{"line":69,"column":6},"end":{"line":69,"column":21}},"30":{"start":{"line":71,"column":6},"end":{"line":71,"column":63}},"31":{"start":{"line":76,"column":25},"end":{"line":76,"column":69}},"32":{"start":{"line":76,"column":66},"end":{"line":76,"column":68}},"33":{"start":{"line":78,"column":4},"end":{"line":81,"column":7}},"34":{"start":{"line":79,"column":25},"end":{"line":79,"column":43}},"35":{"start":{"line":80,"column":6},"end":{"line":80,"column":42}},"36":{"start":{"line":83,"column":4},"end":{"line":83,"column":24}},"37":{"start":{"line":87,"column":0},"end":{"line":87,"column":33}}},"fnMap":{"0":{"name":"(anonymous_0)","decl":{"start":{"line":9,"column":2},"end":{"line":9,"column":3}},"loc":{"start":{"line":9,"column":28},"end":{"line":19,"column":3}},"line":9},"1":{"name":"(anonymous_1)","decl":{"start":{"line":21,"column":2},"end":{"line":21,"column":3}},"loc":{"start":{"line":21,"column":27},"end":{"line":48,"column":3}},"line":21},"2":{"name":"(anonymous_2)","decl":{"start":{"line":22,"column":23},"end":{"line":22,"column":24}},"loc":{"start":{"line":22,"column":44},"end":{"line":47,"column":5}},"line":22},"3":{"name":"(anonymous_3)","decl":{"start":{"line":27,"column":20},"end":{"line":27,"column":21}},"loc":{"start":{"line":27,"column":29},"end":{"line":36,"column":9}},"line":27},"4":{"name":"(anonymous_4)","decl":{"start":{"line":37,"column":19},"end":{"line":37,"column":20}},"loc":{"start":{"line":37,"column":25},"end":{"line":43,"column":9}},"line":37},"5":{"name":"(anonymous_5)","decl":{"start":{"line":44,"column":21},"end":{"line":44,"column":22}},"loc":{"start":{"line":44,"column":32},"end":{"line":46,"column":9}},"line":44},"6":{"name":"(anonymous_6)","decl":{"start":{"line":50,"column":2},"end":{"line":50,"column":3}},"loc":{"start":{"line":50,"column":29},"end":{"line":73,"column":3}},"line":50},"7":{"name":"(anonymous_7)","decl":{"start":{"line":58,"column":16},"end":{"line":58,"column":17}},"loc":{"start":{"line":58,"column":23},"end":{"line":58,"column":49}},"line":58},"8":{"name":"(anonymous_8)","decl":{"start":{"line":59,"column":13},"end":{"line":59,"column":14}},"loc":{"start":{"line":59,"column":21},"end":{"line":63,"column":9}},"line":59},"9":{"name":"(anonymous_9)","decl":{"start":{"line":75,"column":2},"end":{"line":75,"column":3}},"loc":{"start":{"line":75,"column":41},"end":{"line":84,"column":3}},"line":75},"10":{"name":"(anonymous_10)","decl":{"start":{"line":76,"column":60},"end":{"line":76,"column":61}},"loc":{"start":{"line":76,"column":66},"end":{"line":76,"column":68}},"line":76},"11":{"name":"(anonymous_11)","decl":{"start":{"line":78,"column":18},"end":{"line":78,"column":19}},"loc":{"start":{"line":78,"column":35},"end":{"line":81,"column":5}},"line":78}},"branchMap":{"0":{"loc":{"start":{"line":12,"column":4},"end":{"line":18,"column":5}},"type":"if","locations":[{"start":{"line":12,"column":4},"end":{"line":18,"column":5}},{"start":{"line":14,"column":11},"end":{"line":18,"column":5}}],"line":12},"1":{"loc":{"start":{"line":14,"column":11},"end":{"line":18,"column":5}},"type":"if","locations":[{"start":{"line":14,"column":11},"end":{"line":18,"column":5}},{"start":{"line":16,"column":11},"end":{"line":18,"column":5}}],"line":14},"2":{"loc":{"start":{"line":14,"column":15},"end":{"line":14,"column":48}},"type":"binary-expr","locations":[{"start":{"line":14,"column":15},"end":{"line":14,"column":30}},{"start":{"line":14,"column":34},"end":{"line":14,"column":48}}],"line":14},"3":{"loc":{"start":{"line":29,"column":10},"end":{"line":35,"column":11}},"type":"if","locations":[{"start":{"line":29,"column":10},"end":{"line":35,"column":11}},{"start":{},"end":{}}],"line":29},"4":{"loc":{"start":{"line":29,"column":14},"end":{"line":29,"column":40}},"type":"binary-expr","locations":[{"start":{"line":29,"column":14},"end":{"line":29,"column":27}},{"start":{"line":29,"column":31},"end":{"line":29,"column":40}}],"line":29},"5":{"loc":{"start":{"line":33,"column":21},"end":{"line":33,"column":54}},"type":"cond-expr","locations":[{"start":{"line":33,"column":33},"end":{"line":33,"column":49}},{"start":{"line":33,"column":52},"end":{"line":33,"column":54}}],"line":33},"6":{"loc":{"start":{"line":38,"column":10},"end":{"line":42,"column":11}},"type":"if","locations":[{"start":{"line":38,"column":10},"end":{"line":42,"column":11}},{"start":{"line":40,"column":17},"end":{"line":42,"column":11}}],"line":38},"7":{"loc":{"start":{"line":58,"column":23},"end":{"line":58,"column":49}},"type":"binary-expr","locations":[{"start":{"line":58,"column":23},"end":{"line":58,"column":36}},{"start":{"line":58,"column":40},"end":{"line":58,"column":49}}],"line":58},"8":{"loc":{"start":{"line":62,"column":17},"end":{"line":62,"column":58}},"type":"cond-expr","locations":[{"start":{"line":62,"column":29},"end":{"line":62,"column":53}},{"start":{"line":62,"column":56},"end":{"line":62,"column":58}}],"line":62},"9":{"loc":{"start":{"line":65,"column":6},"end":{"line":67,"column":7}},"type":"if","locations":[{"start":{"line":65,"column":6},"end":{"line":67,"column":7}},{"start":{},"end":{}}],"line":65},"10":{"loc":{"start":{"line":75,"column":25},"end":{"line":75,"column":39}},"type":"default-arg","locations":[{"start":{"line":75,"column":38},"end":{"line":75,"column":39}}],"line":75}},"s":{"0":10,"1":10,"2":10,"3":10,"4":21,"5":21,"6":15,"7":6,"8":5,"9":1,"10":15,"11":15,"12":15,"13":28,"14":25,"15":14,"16":5,"17":9,"18":1,"19":5,"20":5,"21":5,"22":5,"23":5,"24":5,"25":9,"26":7,"27":5,"28":1,"29":4,"30":1,"31":10,"32":22,"33":10,"34":30,"35":30,"36":10,"37":10},"f":{"0":21,"1":15,"2":15,"3":28,"4":14,"5":1,"6":5,"7":9,"8":7,"9":10,"10":22,"11":30},"b":{"0":[15,6],"1":[5,1],"2":[6,1],"3":[25,3],"4":[28,26],"5":[23,2],"6":[5,9],"7":[9,8],"8":[6,1],"9":[1,4],"10":[0]},"_coverageSchema":"1a1c01bbd47fc00a2c39e90264f33305004495a9","hash":"faffa49f28cb5095b54ace2fc57340b46be8ee8f"}
,"/Users/aryanbhatt/Desktop/practice/projects/mern_app/backend/src/utils/multer.js": {"path":"/Users/aryanbhatt/Desktop/practice/projects/mern_app/backend/src/utils/multer.js","statementMap":{"0":{"start":{"line":3,"column":13},"end":{"line":3,"column":28}},"1":{"start":{"line":4,"column":11},"end":{"line":4,"column":24}},"2":{"start":{"line":5,"column":15},"end":{"line":5,"column":32}},"3":{"start":{"line":7,"column":23},"end":{"line":7,"column":38}},"4":{"start":{"line":8,"column":19},"end":{"line":8,"column":56}},"5":{"start":{"line":11,"column":0},"end":{"line":13,"column":1}},"6":{"start":{"line":12,"column":2},"end":{"line":12,"column":48}},"7":{"start":{"line":16,"column":21},"end":{"line":22,"column":2}},"8":{"start":{"line":24,"column":16},"end":{"line":34,"column":2}},"9":{"start":{"line":26,"column":4},"end":{"line":26,"column":25}},"10":{"start":{"line":29,"column":16},"end":{"line":29,"column":53}},"11":{"start":{"line":30,"column":17},"end":{"line":30,"column":86}},"12":{"start":{"line":31,"column":19},"end":{"line":31,"column":69}},"13":{"start":{"line":32,"column":4},"end":{"line":32,"column":40}},"14":{"start":{"line":38,"column":14},"end":{"line":38,"column":67}},"15":{"start":{"line":40,"column":2},"end":{"line":42,"column":3}},"16":{"start":{"line":41,"column":4},"end":{"line":41,"column":90}},"17":{"start":{"line":44,"column":2},"end":{"line":44,"column":17}},"18":{"start":{"line":47,"column":15},"end":{"line":51,"column":2}},"19":{"start":{"line":53,"column":0},"end":{"line":53,"column":56}}},"fnMap":{"0":{"name":"(anonymous_0)","decl":{"start":{"line":25,"column":15},"end":{"line":25,"column":16}},"loc":{"start":{"line":25,"column":40},"end":{"line":27,"column":3}},"line":25},"1":{"name":"(anonymous_1)","decl":{"start":{"line":28,"column":12},"end":{"line":28,"column":13}},"loc":{"start":{"line":28,"column":37},"end":{"line":33,"column":3}},"line":28},"2":{"name":"fileFilter","decl":{"start":{"line":36,"column":9},"end":{"line":36,"column":19}},"loc":{"start":{"line":36,"column":35},"end":{"line":45,"column":1}},"line":36}},"branchMap":{"0":{"loc":{"start":{"line":11,"column":0},"end":{"line":13,"column":1}},"type":"if","locations":[{"start":{"line":11,"column":0},"end":{"line":13,"column":1}},{"start":{},"end":{}}],"line":11},"1":{"loc":{"start":{"line":29,"column":16},"end":{"line":29,"column":53}},"type":"binary-expr","locations":[{"start":{"line":29,"column":16},"end":{"line":29,"column":47}},{"start":{"line":29,"column":51},"end":{"line":29,"column":53}}],"line":29},"2":{"loc":{"start":{"line":38,"column":15},"end":{"line":38,"column":52}},"type":"binary-expr","locations":[{"start":{"line":38,"column":15},"end":{"line":38,"column":46}},{"start":{"line":38,"column":50},"end":{"line":38,"column":52}}],"line":38},"3":{"loc":{"start":{"line":40,"column":2},"end":{"line":42,"column":3}},"type":"if","locations":[{"start":{"line":40,"column":2},"end":{"line":42,"column":3}},{"start":{},"end":{}}],"line":40}},"s":{"0":7,"1":7,"2":7,"3":7,"4":7,"5":7,"6":0,"7":7,"8":7,"9":6,"10":6,"11":6,"12":6,"13":6,"14":7,"15":7,"16":1,"17":6,"18":7,"19":7},"f":{"0":6,"1":6,"2":7},"b":{"0":[0,7],"1":[6,0],"2":[7,0],"3":[1,6]},"_coverageSchema":"1a1c01bbd47fc00a2c39e90264f33305004495a9","hash":"b7d744d7119afb6806ea663940e32691b05299e9"}
,"/Users/aryanbhatt/Desktop/practice/projects/mern_app/backend/src/utils/validation.js": {"path":"/Users/aryanbhatt/Desktop/practice/projects/mern_app/backend/src/utils/validation.js","statementMap":{"0":{"start":{"line":3,"column":12},"end":{"line":3,"column":26}},"1":{"start":{"line":4,"column":39},"end":{"line":4,"column":67}},"2":{"start":{"line":7,"column":29},"end":{"line":16,"column":40}},"3":{"start":{"line":8,"column":2},"end":{"line":15,"column":3}},"4":{"start":{"line":9,"column":18},"end":{"line":9,"column":51}},"5":{"start":{"line":10,"column":4},"end":{"line":10,"column":72}},"6":{"start":{"line":10,"column":36},"end":{"line":10,"column":72}},"7":{"start":{"line":11,"column":4},"end":{"line":11,"column":71}},"8":{"start":{"line":11,"column":35},"end":{"line":11,"column":71}},"9":{"start":{"line":12,"column":4},"end":{"line":12,"column":24}},"10":{"start":{"line":14,"column":4},"end":{"line":14,"column":40}},"11":{"start":{"line":18,"column":20},"end":{"line":21,"column":2}},"12":{"start":{"line":23,"column":26},"end":{"line":28,"column":2}},"13":{"start":{"line":30,"column":25},"end":{"line":47,"column":2}},"14":{"start":{"line":50,"column":2},"end":{"line":57,"column":4}},"15":{"start":{"line":51,"column":29},"end":{"line":51,"column":97}},"16":{"start":{"line":52,"column":4},"end":{"line":54,"column":5}},"17":{"start":{"line":53,"column":6},"end":{"line":53,"column":111}},"18":{"start":{"line":53,"column":97},"end":{"line":53,"column":106}},"19":{"start":{"line":55,"column":4},"end":{"line":55,"column":21}},"20":{"start":{"line":56,"column":4},"end":{"line":56,"column":11}},"21":{"start":{"line":61,"column":2},"end":{"line":69,"column":4}},"22":{"start":{"line":62,"column":4},"end":{"line":62,"column":80}},"23":{"start":{"line":62,"column":19},"end":{"line":62,"column":80}},"24":{"start":{"line":63,"column":29},"end":{"line":63,"column":97}},"25":{"start":{"line":64,"column":4},"end":{"line":66,"column":5}},"26":{"start":{"line":65,"column":6},"end":{"line":65,"column":116}},"27":{"start":{"line":65,"column":102},"end":{"line":65,"column":111}},"28":{"start":{"line":67,"column":4},"end":{"line":67,"column":21}},"29":{"start":{"line":68,"column":4},"end":{"line":68,"column":11}},"30":{"start":{"line":72,"column":0},"end":{"line":80,"column":2}}},"fnMap":{"0":{"name":"(anonymous_0)","decl":{"start":{"line":7,"column":49},"end":{"line":7,"column":50}},"loc":{"start":{"line":7,"column":69},"end":{"line":16,"column":1}},"line":7},"1":{"name":"validateBody","decl":{"start":{"line":49,"column":9},"end":{"line":49,"column":21}},"loc":{"start":{"line":49,"column":30},"end":{"line":58,"column":1}},"line":49},"2":{"name":"(anonymous_2)","decl":{"start":{"line":50,"column":9},"end":{"line":50,"column":10}},"loc":{"start":{"line":50,"column":29},"end":{"line":57,"column":3}},"line":50},"3":{"name":"(anonymous_3)","decl":{"start":{"line":53,"column":92},"end":{"line":53,"column":93}},"loc":{"start":{"line":53,"column":97},"end":{"line":53,"column":106}},"line":53},"4":{"name":"validateFile","decl":{"start":{"line":60,"column":9},"end":{"line":60,"column":21}},"loc":{"start":{"line":60,"column":30},"end":{"line":70,"column":1}},"line":60},"5":{"name":"(anonymous_5)","decl":{"start":{"line":61,"column":9},"end":{"line":61,"column":10}},"loc":{"start":{"line":61,"column":29},"end":{"line":69,"column":3}},"line":61},"6":{"name":"(anonymous_6)","decl":{"start":{"line":65,"column":97},"end":{"line":65,"column":98}},"loc":{"start":{"line":65,"column":102},"end":{"line":65,"column":111}},"line":65}},"branchMap":{"0":{"loc":{"start":{"line":10,"column":4},"end":{"line":10,"column":72}},"type":"if","locations":[{"start":{"line":10,"column":4},"end":{"line":10,"column":72}},{"start":{},"end":{}}],"line":10},"1":{"loc":{"start":{"line":10,"column":8},"end":{"line":10,"column":34}},"type":"binary-expr","locations":[{"start":{"line":10,"column":8},"end":{"line":10,"column":14}},{"start":{"line":10,"column":18},"end":{"line":10,"column":34}}],"line":10},"2":{"loc":{"start":{"line":11,"column":4},"end":{"line":11,"column":71}},"type":"if","locations":[{"start":{"line":11,"column":4},"end":{"line":11,"column":71}},{"start":{},"end":{}}],"line":11},"3":{"loc":{"start":{"line":52,"column":4},"end":{"line":54,"column":5}},"type":"if","locations":[{"start":{"line":52,"column":4},"end":{"line":54,"column":5}},{"start":{},"end":{}}],"line":52},"4":{"loc":{"start":{"line":62,"column":4},"end":{"line":62,"column":80}},"type":"if","locations":[{"start":{"line":62,"column":4},"end":{"line":62,"column":80}},{"start":{},"end":{}}],"line":62},"5":{"loc":{"start":{"line":64,"column":4},"end":{"line":66,"column":5}},"type":"if","locations":[{"start":{"line":64,"column":4},"end":{"line":66,"column":5}},{"start":{},"end":{}}],"line":64}},"s":{"0":7,"1":7,"2":7,"3":2,"4":2,"5":2,"6":1,"7":1,"8":0,"9":1,"10":0,"11":7,"12":7,"13":7,"14":14,"15":7,"16":7,"17":3,"18":4,"19":4,"20":4,"21":7,"22":5,"23":0,"24":5,"25":5,"26":0,"27":0,"28":5,"29":5,"30":7},"f":{"0":2,"1":14,"2":7,"3":4,"4":7,"5":5,"6":0},"b":{"0":[1,1],"1":[2,1],"2":[0,1],"3":[3,4],"4":[0,5],"5":[0,5]},"_coverageSchema":"1a1c01bbd47fc00a2c39e90264f33305004495a9","hash":"c90de6985343440bf135792280d14f7d45ba6d8e"}
}
