TN:
SF:src/agent/agent.controller.js
FN:6,(anonymous_0)
FN:23,(anonymous_1)
FN:39,(anonymous_2)
FNF:3
FNH:3
FNDA:1,(anonymous_0)
FNDA:1,(anonymous_1)
FNDA:2,(anonymous_2)
DA:3,7
DA:7,1
DA:8,1
DA:10,1
DA:16,0
DA:24,1
DA:25,1
DA:27,1
DA:32,0
DA:40,2
DA:41,2
DA:43,1
DA:48,1
DA:56,7
LF:14
LH:12
BRF:0
BRH:0
end_of_record
TN:
SF:src/agent/agent.route.js
FNF:0
FNH:0
DA:3,7
DA:4,7
DA:5,7
DA:6,7
DA:8,7
DA:10,7
DA:11,7
DA:12,7
DA:14,7
LF:9
LH:9
BRF:0
BRH:0
end_of_record
TN:
SF:src/agent/agent.service.js
FN:9,(anonymous_0)
FN:42,(anonymous_1)
FN:58,(anonymous_2)
FNF:3
FNH:3
FNDA:1,(anonymous_0)
FNDA:1,(anonymous_1)
FNDA:2,(anonymous_2)
DA:3,7
DA:4,7
DA:6,7
DA:10,1
DA:13,1
DA:17,1
DA:18,0
DA:21,1
DA:23,1
DA:39,1
DA:43,1
DA:59,2
DA:75,2
DA:76,1
DA:79,1
DA:83,7
LF:16
LH:15
BRDA:17,0,0,0
BRDA:17,0,1,1
BRDA:75,1,0,1
BRDA:75,1,1,1
BRF:4
BRH:3
end_of_record
TN:
SF:src/assignment/assignment.controller.js
FN:6,(anonymous_0)
FN:22,(anonymous_1)
FN:38,(anonymous_2)
FNF:3
FNH:3
FNDA:1,(anonymous_0)
FNDA:2,(anonymous_1)
FNDA:1,(anonymous_2)
DA:3,7
DA:7,1
DA:8,1
DA:10,1
DA:15,0
DA:23,2
DA:24,2
DA:26,2
DA:31,0
DA:39,1
DA:40,1
DA:42,1
DA:47,0
DA:55,7
LF:14
LH:11
BRF:0
BRH:0
end_of_record
TN:
SF:src/assignment/assignment.route.js
FNF:0
FNH:0
DA:3,7
DA:4,7
DA:5,7
DA:7,7
DA:9,7
DA:10,7
DA:11,7
DA:13,7
LF:8
LH:8
BRF:0
BRH:0
end_of_record
TN:
SF:src/assignment/assignment.service.js
FN:8,(anonymous_0)
FN:20,(anonymous_1)
FN:30,(anonymous_2)
FNF:3
FNH:3
FNDA:1,(anonymous_0)
FNDA:2,(anonymous_1)
FNDA:1,(anonymous_2)
DA:3,7
DA:5,7
DA:9,1
DA:21,2
DA:31,1
DA:32,1
DA:33,1
DA:35,1
DA:46,1
DA:55,7
LF:10
LH:10
BRF:0
BRH:0
end_of_record
TN:
SF:src/lead/lead.controller.js
FN:6,(anonymous_0)
FN:30,(anonymous_1)
FN:46,(anonymous_2)
FNF:3
FNH:3
FNDA:5,(anonymous_0)
FNDA:1,(anonymous_1)
FNDA:1,(anonymous_2)
DA:3,7
DA:7,5
DA:8,5
DA:9,0
DA:15,5
DA:17,2
DA:23,3
DA:31,1
DA:32,1
DA:34,1
DA:39,0
DA:47,1
DA:48,1
DA:50,1
DA:55,0
DA:63,7
LF:16
LH:13
BRDA:8,0,0,0
BRDA:8,0,1,5
BRF:2
BRH:1
end_of_record
TN:
SF:src/lead/lead.route.js
FNF:0
FNH:0
DA:3,7
DA:4,7
DA:5,7
DA:6,7
DA:7,7
DA:9,7
DA:11,7
DA:19,7
DA:25,7
DA:31,7
LF:10
LH:10
BRF:0
BRH:0
end_of_record
TN:
SF:src/lead/lead.service.js
FN:10,(anonymous_0)
FN:28,(anonymous_1)
FN:77,(anonymous_2)
FN:92,(anonymous_3)
FN:105,(anonymous_4)
FN:119,(anonymous_5)
FN:128,(anonymous_6)
FNF:7
FNH:7
FNDA:11,(anonymous_0)
FNDA:5,(anonymous_1)
FNDA:8,(anonymous_2)
FNDA:4,(anonymous_3)
FNDA:5,(anonymous_4)
FNDA:5,(anonymous_5)
FNDA:5,(anonymous_6)
DA:3,8
DA:4,8
DA:5,8
DA:7,8
DA:11,11
DA:13,11
DA:16,7
DA:20,7
DA:21,2
DA:25,5
DA:28,5
DA:29,5
DA:30,5
DA:32,5
DA:33,8
DA:34,8
DA:36,8
DA:38,16
DA:47,16
DA:60,16
DA:61,16
DA:65,5
DA:69,5
DA:70,5
DA:73,5
DA:77,8
DA:85,6
DA:86,6
DA:88,6
DA:93,4
DA:104,4
DA:105,4
DA:106,5
DA:107,5
DA:108,4
DA:113,5
DA:116,4
DA:120,5
DA:128,5
DA:132,8
LF:40
LH:40
BRDA:20,0,0,2
BRDA:20,0,1,5
BRDA:69,1,0,5
BRDA:69,1,1,0
BRDA:85,2,0,6
BRDA:85,2,1,0
BRDA:107,3,0,4
BRDA:107,3,1,1
BRF:8
BRH:6
end_of_record
TN:
SF:src/login/login.controller.js
FN:6,(anonymous_0)
FNF:1
FNH:1
FNDA:3,(anonymous_0)
DA:3,7
DA:7,3
DA:8,3
DA:9,3
DA:11,1
DA:17,2
DA:25,7
LF:7
LH:7
BRF:0
BRH:0
end_of_record
TN:
SF:src/login/login.route.js
FNF:0
FNH:0
DA:3,7
DA:4,7
DA:5,7
DA:7,7
DA:9,7
DA:11,7
LF:6
LH:6
BRF:0
BRH:0
end_of_record
TN:
SF:src/login/login.service.js
FN:9,(anonymous_0)
FNF:1
FNH:1
FNDA:3,(anonymous_0)
DA:3,7
DA:4,7
DA:6,7
DA:10,3
DA:15,3
DA:16,1
DA:19,2
DA:20,2
DA:21,1
DA:24,1
DA:30,1
DA:42,7
LF:12
LH:12
BRDA:15,0,0,1
BRDA:15,0,1,2
BRDA:20,1,0,1
BRDA:20,1,1,1
BRF:4
BRH:4
end_of_record
TN:
SF:src/utils/authentication.js
FN:11,hashPassword
FN:17,comparePassword
FN:23,signToken
FN:31,verifyToken
FN:39,getTokenFromReq
FN:54,authGuard
FN:68,optionalAuth
FN:77,requireRole
FN:78,roleGuard
FNF:9
FNH:8
FNDA:54,hashPassword
FNDA:7,comparePassword
FNDA:34,signToken
FNDA:24,verifyToken
FNDA:35,getTokenFromReq
FNDA:35,authGuard
FNDA:0,optionalAuth
FNDA:63,requireRole
FNDA:18,roleGuard
DA:3,9
DA:4,9
DA:7,9
DA:8,9
DA:12,54
DA:13,54
DA:14,54
DA:18,7
DA:19,7
DA:24,34
DA:28,34
DA:32,24
DA:33,24
DA:35,3
DA:41,35
DA:42,35
DA:43,23
DA:44,23
DA:45,22
DA:49,13
DA:50,13
DA:55,35
DA:56,35
DA:57,13
DA:59,22
DA:60,22
DA:61,3
DA:63,19
DA:64,19
DA:69,0
DA:70,0
DA:71,0
DA:72,0
DA:73,0
DA:78,63
DA:79,18
DA:80,0
DA:82,18
DA:83,0
DA:85,18
DA:89,9
LF:41
LH:34
BRDA:7,0,0,9
BRDA:7,0,1,0
BRDA:8,1,0,9
BRDA:8,1,1,0
BRDA:11,2,0,54
BRDA:12,3,0,0
BRDA:12,3,1,54
BRDA:12,4,0,54
BRDA:12,4,1,54
BRDA:18,5,0,0
BRDA:18,5,1,7
BRDA:18,6,0,7
BRDA:18,6,1,7
BRDA:23,7,0,34
BRDA:24,8,0,0
BRDA:24,8,1,34
BRDA:24,9,0,34
BRDA:24,9,1,34
BRDA:41,10,0,35
BRDA:41,10,1,12
BRDA:42,11,0,23
BRDA:42,11,1,12
BRDA:42,12,0,35
BRDA:42,12,1,23
BRDA:44,13,0,22
BRDA:44,13,1,1
BRDA:44,14,0,23
BRDA:44,14,1,23
BRDA:49,15,0,0
BRDA:49,15,1,13
BRDA:49,16,0,13
BRDA:49,16,1,11
BRDA:56,17,0,13
BRDA:56,17,1,22
BRDA:60,18,0,3
BRDA:60,18,1,19
BRDA:70,19,0,0
BRDA:70,19,1,0
BRDA:72,20,0,0
BRDA:72,20,1,0
BRDA:79,21,0,0
BRDA:79,21,1,18
BRDA:79,22,0,18
BRDA:79,22,1,18
BRDA:82,23,0,0
BRDA:82,23,1,18
BRF:46
BRH:34
end_of_record
TN:
SF:src/utils/csvParser.js
FN:9,(anonymous_0)
FN:21,(anonymous_1)
FN:22,(anonymous_2)
FN:27,(anonymous_3)
FN:37,(anonymous_4)
FN:44,(anonymous_5)
FN:50,(anonymous_6)
FN:58,(anonymous_7)
FN:59,(anonymous_8)
FN:75,(anonymous_9)
FN:76,(anonymous_10)
FN:78,(anonymous_11)
FNF:12
FNH:12
FNDA:21,(anonymous_0)
FNDA:15,(anonymous_1)
FNDA:15,(anonymous_2)
FNDA:28,(anonymous_3)
FNDA:14,(anonymous_4)
FNDA:1,(anonymous_5)
FNDA:5,(anonymous_6)
FNDA:9,(anonymous_7)
FNDA:7,(anonymous_8)
FNDA:10,(anonymous_9)
FNDA:22,(anonymous_10)
FNDA:30,(anonymous_11)
DA:3,10
DA:4,10
DA:5,10
DA:6,10
DA:10,21
DA:12,21
DA:13,15
DA:14,6
DA:15,5
DA:17,1
DA:22,15
DA:23,15
DA:25,15
DA:29,28
DA:30,25
DA:38,14
DA:39,5
DA:41,9
DA:45,1
DA:51,5
DA:52,5
DA:53,5
DA:54,5
DA:55,5
DA:57,5
DA:58,9
DA:59,7
DA:65,5
DA:66,1
DA:69,4
DA:71,1
DA:76,22
DA:78,10
DA:79,30
DA:80,30
DA:83,10
DA:87,10
LF:37
LH:37
BRDA:12,0,0,15
BRDA:12,0,1,6
BRDA:14,1,0,5
BRDA:14,1,1,1
BRDA:14,2,0,6
BRDA:14,2,1,1
BRDA:29,3,0,25
BRDA:29,3,1,3
BRDA:29,4,0,28
BRDA:29,4,1,26
BRDA:33,5,0,23
BRDA:33,5,1,2
BRDA:38,6,0,5
BRDA:38,6,1,9
BRDA:58,7,0,9
BRDA:58,7,1,8
BRDA:62,8,0,6
BRDA:62,8,1,1
BRDA:65,9,0,1
BRDA:65,9,1,4
BRDA:75,10,0,0
BRF:21
BRH:20
end_of_record
TN:
SF:src/utils/multer.js
FN:25,(anonymous_0)
FN:28,(anonymous_1)
FN:36,fileFilter
FNF:3
FNH:3
FNDA:6,(anonymous_0)
FNDA:6,(anonymous_1)
FNDA:7,fileFilter
DA:3,7
DA:4,7
DA:5,7
DA:7,7
DA:8,7
DA:11,7
DA:12,0
DA:16,7
DA:24,7
DA:26,6
DA:29,6
DA:30,6
DA:31,6
DA:32,6
DA:38,7
DA:40,7
DA:41,1
DA:44,6
DA:47,7
DA:53,7
LF:20
LH:19
BRDA:11,0,0,0
BRDA:11,0,1,7
BRDA:29,1,0,6
BRDA:29,1,1,0
BRDA:38,2,0,7
BRDA:38,2,1,0
BRDA:40,3,0,1
BRDA:40,3,1,6
BRF:8
BRH:5
end_of_record
TN:
SF:src/utils/validation.js
FN:7,(anonymous_0)
FN:49,validateBody
FN:50,(anonymous_2)
FN:53,(anonymous_3)
FN:60,validateFile
FN:61,(anonymous_5)
FN:65,(anonymous_6)
FNF:7
FNH:6
FNDA:2,(anonymous_0)
FNDA:14,validateBody
FNDA:7,(anonymous_2)
FNDA:4,(anonymous_3)
FNDA:7,validateFile
FNDA:5,(anonymous_5)
FNDA:0,(anonymous_6)
DA:3,7
DA:4,7
DA:7,7
DA:8,2
DA:9,2
DA:10,2
DA:11,1
DA:12,1
DA:14,0
DA:18,7
DA:23,7
DA:30,7
DA:50,14
DA:51,7
DA:52,7
DA:53,4
DA:55,4
DA:56,4
DA:61,7
DA:62,5
DA:63,5
DA:64,5
DA:65,0
DA:67,5
DA:68,5
DA:72,7
LF:26
LH:24
BRDA:10,0,0,1
BRDA:10,0,1,1
BRDA:10,1,0,2
BRDA:10,1,1,1
BRDA:11,2,0,0
BRDA:11,2,1,1
BRDA:52,3,0,3
BRDA:52,3,1,4
BRDA:62,4,0,0
BRDA:62,4,1,5
BRDA:64,5,0,0
BRDA:64,5,1,5
BRF:12
BRH:9
end_of_record
